   1            / Program : autoi.as
   2            / Desc : tests auto indexing
   3            /-------------------------------------------
   4            *0200        
   5 00200 7200 Main, CLA
   6 00201 1300 TAD CONST
   7 00202 3301 DCA COUNT
   8 00203 1302 TAD TTABLE
   9 00204 3010 DCA INDEX
  10 00205 3410 DCA I INDEX
  11 00206 2301 ISZ COUNT
  12 00207 5205 JMP .-2
  13 00210 7402 HLT          / Halt program
  14            
  15            *10     
  16 00010 0000 INDEX, 0
  17            *300
  18 00300 7000 CONST, 7000
  19 00301 0000 COUNT, 0
  20 00302 1777 TTABLE, TABLE-1
  21            *2000
  22 02000 0000 TABLE, 0
  23            $Main           / End of Program; Main is entry point